<?xml version="1.0" encoding="UTF-8"?>
<!-- Generated by org.testng.reporters.JUnitReportReporter -->
<testsuite hostname="INDELNB1101" failures="0" tests="2" name="com.sanket.pageobjects.test.ErrorValidationTest" time="23.064" errors="0" timestamp="2023-12-08T14:36:40 IST" skipped="0">
  <testcase classname="com.sanket.pageobjects.test.ErrorValidationTest" name="productErrorValidation" time="12.796"/>
  <testcase classname="com.sanket.pageobjects.test.ErrorValidationTest" name="loginErrorValidation" time="10.268"/>
</testsuite> <!-- com.sanket.pageobjects.test.ErrorValidationTest -->
