<?xml version="1.0" encoding="UTF-8"?>
<!-- Generated by org.testng.reporters.JUnitReportReporter -->
<testsuite hostname="INDELNB1101" failures="0" tests="3" name="com.sanket.pageobjects.test.SubmitOrderTest" time="39.337" errors="0" timestamp="2023-12-08T14:36:40 IST" skipped="0">
  <testcase classname="com.sanket.pageobjects.test.SubmitOrderTest" name="submitOrder" time="16.410"/>
  <testcase classname="com.sanket.pageobjects.test.SubmitOrderTest" name="orderHistory" time="8.830"/>
  <testcase classname="com.sanket.pageobjects.test.SubmitOrderTest" name="submitOrder" time="14.097"/>
</testsuite> <!-- com.sanket.pageobjects.test.SubmitOrderTest -->
