<?xml version="1.0" encoding="UTF-8"?>
<!-- Generated by org.testng.reporters.JUnitReportReporter -->
<testsuite hostname="INDELNB1101" failures="0" tests="4" name="com.java8.practice.FilterDemo" time="0.045" errors="0" timestamp="2023-12-14T14:32:12 IST" skipped="0">
  <testcase classname="com.java8.practice.FilterDemo" name="streamCollect" time="0.007"/>
  <testcase classname="com.java8.practice.FilterDemo" name="countStringStartWithA" time="0.008"/>
  <testcase classname="com.java8.practice.FilterDemo" name="concatTwoStream" time="0.020"/>
  <testcase classname="com.java8.practice.FilterDemo" name="streamMap" time="0.010"/>
</testsuite> <!-- com.java8.practice.FilterDemo -->
