<?xml version="1.0" encoding="UTF-8"?>
<!-- Generated by org.testng.reporters.JUnitReportReporter -->
<testsuite hostname="INDELNB1101" failures="0" tests="3" name="FilterDemo" time="0.060" errors="0" timestamp="2023-12-14T14:11:50 IST" skipped="0">
  <testcase classname="FilterDemo" name="streamMap" time="0.019"/>
  <testcase classname="FilterDemo" name="countStringStartWithA" time="0.013"/>
  <testcase classname="FilterDemo" name="concatTwoStream" time="0.028"/>
</testsuite> <!-- FilterDemo -->
