<?xml version="1.0" encoding="UTF-8"?>
<!-- Generated by org.testng.reporters.JUnitReportReporter -->
<testsuite hostname="INDELNB1101" failures="0" tests="3" name="com.dataprovider.excel.IntegrationWithDataProvider" time="0.013" errors="0" timestamp="2023-12-13T11:17:26 IST" skipped="0">
  <testcase classname="com.dataprovider.excel.IntegrationWithDataProvider" name="testCaseData" time="0.001"/>
  <testcase classname="com.dataprovider.excel.IntegrationWithDataProvider" name="testCaseData" time="0.002"/>
  <testcase classname="com.dataprovider.excel.IntegrationWithDataProvider" name="testCaseData" time="0.010"/>
</testsuite> <!-- com.dataprovider.excel.IntegrationWithDataProvider -->
